\BOOKMARK [1][-]{section.1}{\376\377\000M\000o\000t\000i\000v\000a\000t\000i\000o\000n}{}% 1
\BOOKMARK [1][-]{section.2}{\376\377\000H\000o\000w\000\040\000t\000o\000\040\000u\000s\000e}{}% 2
\BOOKMARK [2][-]{subsection.2.1}{\376\377\000L\000i\000n\000u\000x\000\040\000s\000y\000s\000t\000e\000m}{section.2}% 3
\BOOKMARK [1][-]{section.3}{\376\377\000F\000e\000a\000t\000u\000r\000e\000s}{}% 4
\BOOKMARK [2][-]{subsection.3.1}{\376\377\000C\000o\000v\000e\000r\000\040\000p\000a\000g\000e}{section.3}% 5
\BOOKMARK [2][-]{subsection.3.2}{\376\377\000T\000a\000b\000l\000e}{section.3}% 6
\BOOKMARK [2][-]{subsection.3.3}{\376\377\000I\000m\000a\000g\000e\000s}{section.3}% 7
\BOOKMARK [1][-]{section.4}{\376\377\000A\000b\000o\000u\000t\000\040\000i\000m\000a\000g\000e\000s}{}% 8
\BOOKMARK [1][-]{section.5}{\376\377\000A\000b\000o\000u\000t\000\040\000d\000o\000c\000u\000m\000e\000n\000t\000\040\000c\000l\000a\000s\000s}{}% 9
\BOOKMARK [2][-]{subsection.5.1}{\376\377\000P\000a\000c\000k\000a\000g\000e\000s}{section.5}% 10
\BOOKMARK [2][-]{subsection.5.2}{\376\377\000D\000o\000u\000m\000e\000n\000t\000\040\000C\000o\000m\000m\000a\000n\000d\000s}{section.5}% 11
\BOOKMARK [1][-]{section.6}{\376\377\000K\000n\000o\000w\000n\000\040\000-\000\040\000B\000u\000g\000s}{}% 12
\BOOKMARK [2][-]{subsection.6.1}{\376\377\000T\000O\000D\000O\000\040\000I\000f\000\040\000t\000h\000e\000r\000e\000\040\000m\000o\000r\000e\000\040\000t\000h\000a\000n\000\040\000X\000\040\000s\000e\000c\000t\000i\000o\000n\000s\000\040\000t\000h\000e\000\040\000t\000e\000m\000p\000l\000a\000t\000e\000\040\000d\000o\000\040\000c\000r\000a\000z\000y\000\040\000t\000h\000i\000n\000g\000s\000.}{section.6}% 13
\BOOKMARK [2][-]{subsection.6.2}{\376\377\000T\000O\000D\000O\000\040\000C\000h\000a\000n\000g\000e\000\040\000l\000a\000n\000g\000s\000\040\000i\000s\000\040\000n\000o\000t\000\040\000e\000a\000s\000y\000\040\000a\000s\000\040\000I\000\040\000w\000a\000n\000t\000.}{section.6}% 14
\BOOKMARK [2][-]{subsection.6.3}{\376\377\000T\000O\000D\000O\000\040\000A\000d\000j\000u\000s\000t\000\040\000t\000o\000c\000\040\000s\000t\000y\000l\000e\000\040\000n\000o\000t\000\040\000i\000n\000\040\000h\000e\000a\000d\000e\000r}{section.6}% 15
\BOOKMARK [2][-]{subsection.6.4}{\376\377\000T\000O\000D\000O\000\040\000M\000o\000d\000i\000f\000i\000c\000a\000r\000\040\000l\000a\000\040\000w\000e\000b\000\040\000d\000e\000l\000\040\000h\000e\000a\000d\000e\000r}{section.6}% 16
\BOOKMARK [2][-]{subsection.6.5}{}{section.6}% 17
\BOOKMARK [2][-]{subsection.6.6}{}{section.6}% 18
\BOOKMARK [2][-]{subsection.6.7}{}{section.6}% 19
\BOOKMARK [2][-]{subsection.6.8}{}{section.6}% 20
\BOOKMARK [2][-]{subsection.6.9}{}{section.6}% 21
\BOOKMARK [2][-]{subsection.6.10}{}{section.6}% 22
\BOOKMARK [2][-]{subsection.6.11}{}{section.6}% 23
\BOOKMARK [2][-]{subsection.6.12}{}{section.6}% 24
\BOOKMARK [2][-]{subsection.6.13}{}{section.6}% 25
\BOOKMARK [2][-]{subsection.6.14}{}{section.6}% 26
\BOOKMARK [2][-]{subsection.6.15}{}{section.6}% 27
\BOOKMARK [2][-]{subsection.6.16}{}{section.6}% 28
\BOOKMARK [2][-]{subsection.6.17}{}{section.6}% 29
\BOOKMARK [2][-]{subsection.6.18}{}{section.6}% 30
\BOOKMARK [2][-]{subsection.6.19}{}{section.6}% 31
\BOOKMARK [2][-]{subsection.6.20}{}{section.6}% 32
\BOOKMARK [2][-]{subsection.6.21}{}{section.6}% 33
\BOOKMARK [2][-]{subsection.6.22}{}{section.6}% 34
\BOOKMARK [2][-]{subsection.6.23}{}{section.6}% 35
\BOOKMARK [2][-]{subsection.6.24}{}{section.6}% 36
\BOOKMARK [2][-]{subsection.6.25}{}{section.6}% 37
\BOOKMARK [2][-]{subsection.6.26}{}{section.6}% 38
\BOOKMARK [2][-]{subsection.6.27}{}{section.6}% 39
\BOOKMARK [2][-]{subsection.6.28}{}{section.6}% 40
\BOOKMARK [2][-]{subsection.6.29}{}{section.6}% 41
\BOOKMARK [2][-]{subsection.6.30}{}{section.6}% 42
\BOOKMARK [2][-]{subsection.6.31}{}{section.6}% 43
\BOOKMARK [2][-]{subsection.6.32}{}{section.6}% 44
\BOOKMARK [2][-]{subsection.6.33}{}{section.6}% 45
\BOOKMARK [2][-]{subsection.6.34}{}{section.6}% 46
\BOOKMARK [2][-]{subsection.6.35}{}{section.6}% 47
\BOOKMARK [2][-]{subsection.6.36}{}{section.6}% 48
\BOOKMARK [2][-]{subsection.6.37}{}{section.6}% 49
\BOOKMARK [2][-]{subsection.6.38}{}{section.6}% 50
\BOOKMARK [2][-]{subsection.6.39}{}{section.6}% 51
\BOOKMARK [2][-]{subsection.6.40}{}{section.6}% 52
\BOOKMARK [2][-]{subsection.6.41}{}{section.6}% 53
\BOOKMARK [2][-]{subsection.6.42}{}{section.6}% 54
\BOOKMARK [2][-]{subsection.6.43}{}{section.6}% 55
\BOOKMARK [2][-]{subsection.6.44}{}{section.6}% 56
\BOOKMARK [2][-]{subsection.6.45}{}{section.6}% 57
\BOOKMARK [2][-]{subsection.6.46}{}{section.6}% 58
\BOOKMARK [2][-]{subsection.6.47}{}{section.6}% 59
\BOOKMARK [2][-]{subsection.6.48}{}{section.6}% 60
\BOOKMARK [2][-]{subsection.6.49}{}{section.6}% 61
\BOOKMARK [2][-]{subsection.6.50}{}{section.6}% 62
\BOOKMARK [2][-]{subsection.6.51}{}{section.6}% 63
\BOOKMARK [2][-]{subsection.6.52}{}{section.6}% 64
\BOOKMARK [2][-]{subsection.6.53}{}{section.6}% 65
\BOOKMARK [2][-]{subsection.6.54}{}{section.6}% 66
\BOOKMARK [2][-]{subsection.6.55}{}{section.6}% 67
\BOOKMARK [2][-]{subsection.6.56}{}{section.6}% 68
\BOOKMARK [2][-]{subsection.6.57}{}{section.6}% 69
\BOOKMARK [2][-]{subsection.6.58}{}{section.6}% 70
\BOOKMARK [2][-]{subsection.6.59}{}{section.6}% 71
\BOOKMARK [2][-]{subsection.6.60}{}{section.6}% 72
\BOOKMARK [2][-]{subsection.6.61}{}{section.6}% 73
\BOOKMARK [2][-]{subsection.6.62}{}{section.6}% 74
\BOOKMARK [2][-]{subsection.6.63}{}{section.6}% 75
\BOOKMARK [2][-]{subsection.6.64}{}{section.6}% 76
\BOOKMARK [2][-]{subsection.6.65}{}{section.6}% 77
\BOOKMARK [2][-]{subsection.6.66}{}{section.6}% 78
\BOOKMARK [2][-]{subsection.6.67}{}{section.6}% 79
\BOOKMARK [2][-]{subsection.6.68}{}{section.6}% 80
\BOOKMARK [2][-]{subsection.6.69}{}{section.6}% 81
\BOOKMARK [2][-]{subsection.6.70}{}{section.6}% 82
\BOOKMARK [2][-]{subsection.6.71}{}{section.6}% 83
\BOOKMARK [2][-]{subsection.6.72}{}{section.6}% 84
